<?xml version="1.0" encoding="UTF-8"?>
<!-- Generated by org.testng.reporters.JUnitXMLReporter -->
<testsuite ignored="0" hostname="LAPTOP-HH7IGSDH" failures="0" tests="5" name="Test1" time="39.013" errors="0" timestamp="23 Feb 2022 21:31:32 GMT">
  <testcase classname="com.nopcommerce.testCases.TC_LoginTest_001" name="loginTest" time="8.438"/>
  <testcase classname="com.nopcommerce.testCases.TC_LoginDDT_002" name="loginTest" time="6.1"/>
  <testcase classname="com.nopcommerce.testCases.TC_LoginDDT_002" name="loginTest" time="3.784"/>
  <testcase classname="com.nopcommerce.testCases.TC_LoginDDT_002" name="loginTest" time="3.708"/>
  <testcase classname="com.nopcommerce.testCases.TC_LoginDDT_002" name="loginTest" time="3.578"/>
</testsuite> <!-- Test1 -->
