<?xml version="1.0" encoding="UTF-8"?>
<testng-results ignored="0" total="5" passed="5" failed="0" skipped="0">
  <reporter-output>
  </reporter-output>
  <suite started-at="2022-02-23T21:30:53Z" name="nopCommerce" finished-at="2022-02-23T21:31:32Z" duration-ms="39013">
    <groups>
    </groups>
    <test started-at="2022-02-23T21:30:53Z" name="Test1" finished-at="2022-02-23T21:31:32Z" duration-ms="39013">
      <class name="com.nopcommerce.testCases.TC_LoginTest_001">
        <test-method is-config="true" signature="setup(java.lang.String)[pri:0, instance:com.nopcommerce.testCases.TC_LoginTest_001@33bc72d1]" started-at="2022-02-23T21:30:53Z" name="setup" finished-at="2022-02-23T21:31:04Z" duration-ms="10057" status="PASS">
          <params>
            <param index="0">
              <value>
                <![CDATA[chrome]]>
              </value>
            </param>
          </params>
          <reporter-output>
          </reporter-output>
        </test-method> <!-- setup -->
        <test-method signature="loginTest()[pri:0, instance:com.nopcommerce.testCases.TC_LoginTest_001@33bc72d1]" started-at="2022-02-23T21:31:04Z" name="loginTest" finished-at="2022-02-23T21:31:12Z" duration-ms="8438" status="PASS">
          <reporter-output>
          </reporter-output>
        </test-method> <!-- loginTest -->
        <test-method is-config="true" signature="tearDown()[pri:0, instance:com.nopcommerce.testCases.TC_LoginTest_001@33bc72d1]" started-at="2022-02-23T21:31:12Z" name="tearDown" finished-at="2022-02-23T21:31:12Z" duration-ms="261" status="PASS">
          <reporter-output>
          </reporter-output>
        </test-method> <!-- tearDown -->
      </class> <!-- com.nopcommerce.testCases.TC_LoginTest_001 -->
      <class name="com.nopcommerce.testCases.TC_LoginDDT_002">
        <test-method is-config="true" signature="setup(java.lang.String)[pri:0, instance:com.nopcommerce.testCases.TC_LoginDDT_002@1a75e76a]" started-at="2022-02-23T21:31:12Z" name="setup" finished-at="2022-02-23T21:31:14Z" duration-ms="1940" status="PASS">
          <params>
            <param index="0">
              <value>
                <![CDATA[chrome]]>
              </value>
            </param>
          </params>
          <reporter-output>
          </reporter-output>
        </test-method> <!-- setup -->
        <test-method signature="loginTest(java.lang.String, java.lang.String)[pri:0, instance:com.nopcommerce.testCases.TC_LoginDDT_002@1a75e76a]" started-at="2022-02-23T21:31:15Z" name="loginTest" data-provider="LoginData" finished-at="2022-02-23T21:31:21Z" duration-ms="6100" status="PASS">
          <params>
            <param index="0">
              <value>
                <![CDATA[admin@yourstore.com ]]>
              </value>
            </param>
            <param index="1">
              <value>
                <![CDATA[admin]]>
              </value>
            </param>
          </params>
          <reporter-output>
          </reporter-output>
        </test-method> <!-- loginTest -->
        <test-method signature="loginTest(java.lang.String, java.lang.String)[pri:0, instance:com.nopcommerce.testCases.TC_LoginDDT_002@1a75e76a]" started-at="2022-02-23T21:31:21Z" name="loginTest" data-provider="LoginData" finished-at="2022-02-23T21:31:25Z" duration-ms="3784" status="PASS">
          <params>
            <param index="0">
              <value>
                <![CDATA[admin@yourstore.com ]]>
              </value>
            </param>
            <param index="1">
              <value>
                <![CDATA[adm]]>
              </value>
            </param>
          </params>
          <reporter-output>
          </reporter-output>
        </test-method> <!-- loginTest -->
        <test-method signature="loginTest(java.lang.String, java.lang.String)[pri:0, instance:com.nopcommerce.testCases.TC_LoginDDT_002@1a75e76a]" started-at="2022-02-23T21:31:25Z" name="loginTest" data-provider="LoginData" finished-at="2022-02-23T21:31:28Z" duration-ms="3708" status="PASS">
          <params>
            <param index="0">
              <value>
                <![CDATA[adm@yourstore.com]]>
              </value>
            </param>
            <param index="1">
              <value>
                <![CDATA[admin]]>
              </value>
            </param>
          </params>
          <reporter-output>
          </reporter-output>
        </test-method> <!-- loginTest -->
        <test-method signature="loginTest(java.lang.String, java.lang.String)[pri:0, instance:com.nopcommerce.testCases.TC_LoginDDT_002@1a75e76a]" started-at="2022-02-23T21:31:28Z" name="loginTest" data-provider="LoginData" finished-at="2022-02-23T21:31:32Z" duration-ms="3578" status="PASS">
          <params>
            <param index="0">
              <value>
                <![CDATA[adm@yourstore.com]]>
              </value>
            </param>
            <param index="1">
              <value>
                <![CDATA[adm]]>
              </value>
            </param>
          </params>
          <reporter-output>
          </reporter-output>
        </test-method> <!-- loginTest -->
        <test-method is-config="true" signature="tearDown()[pri:0, instance:com.nopcommerce.testCases.TC_LoginDDT_002@1a75e76a]" started-at="2022-02-23T21:31:32Z" name="tearDown" finished-at="2022-02-23T21:31:32Z" duration-ms="306" status="PASS">
          <reporter-output>
          </reporter-output>
        </test-method> <!-- tearDown -->
      </class> <!-- com.nopcommerce.testCases.TC_LoginDDT_002 -->
    </test> <!-- Test1 -->
  </suite> <!-- nopCommerce -->
</testng-results>
